Using pre-set license
Built from '2020.3/staging' branch; Version is '2020.3.4f1 (0abb6314276a) revision 703331'; Using compiler version '192528614'; Build Type 'Release'
OS: 'Windows 10 Enterprise LTSC 2019; OS build 17763.1339; Version 1809; 64bit' Language: 'ru' Physical Memory: 8061 MB
BatchMode: 1, IsHumanControllingUs: 0, StartBugReporterOnCrash: 0, Is64bit: 1, IsPro: 0

 COMMAND LINE ARGUMENTS:
C:\Program Files\Unity\Hub\Editor\2020.3.4f1\Editor\Unity.exe
-adb2
-batchMode
-noUpm
-name
AssetImportWorker0
-projectPath
D:/UnityProjects/DataProject
-logFile
Logs/AssetImportWorker0.log
-srvPort
64451
Successfully changed project path to: D:/UnityProjects/DataProject
D:/UnityProjects/DataProject
Using Asset Import Pipeline V2.
Refreshing native plugins compatible for Editor in 46.39 ms, found 0 plugins.
Preloading 0 native plugins for Editor in 0.00 ms.
Initialize engine version: 2020.3.4f1 (0abb6314276a)
[Subsystems] Discovering subsystems at path C:/Program Files/Unity/Hub/Editor/2020.3.4f1/Editor/Data/Resources/UnitySubsystems
[Subsystems] Discovering subsystems at path D:/UnityProjects/DataProject/Assets
GfxDevice: creating device client; threaded=0
Direct3D:
    Version:  Direct3D 11.0 [level 11.1]
    Renderer: NVIDIA GeForce GTX 1650 (ID=0x1f99)
    Vendor:   
    VRAM:     3962 MB
    Driver:   27.21.14.6611
Shader 'Universal Render Pipeline/Particles/Lit': fallback shader 'Universal Render Pipeline/Particles/SimpleLit' not found
Initialize mono
Mono path[0] = 'C:/Program Files/Unity/Hub/Editor/2020.3.4f1/Editor/Data/Managed'
Mono path[1] = 'C:/Program Files/Unity/Hub/Editor/2020.3.4f1/Editor/Data/MonoBleedingEdge/lib/mono/unityjit'
Mono config path = 'C:/Program Files/Unity/Hub/Editor/2020.3.4f1/Editor/Data/MonoBleedingEdge/etc'
Using monoOptions --debugger-agent=transport=dt_socket,embedding=1,server=y,suspend=n,address=127.0.0.1:56140
Begin MonoManager ReloadAssembly
Registering precompiled unity dll's ...
Register platform support module: C:/Program Files/Unity/Hub/Editor/2020.3.4f1/Editor/Data/PlaybackEngines/WebGLSupport/UnityEditor.WebGL.Extensions.dll
Register platform support module: C:/Program Files/Unity/Hub/Editor/2020.3.4f1/Editor/Data/PlaybackEngines/WindowsStandaloneSupport/UnityEditor.WindowsStandalone.Extensions.dll
Registered in 0.001123 seconds.
Native extension for WindowsStandalone target not found
Native extension for WebGL target not found
Refreshing native plugins compatible for Editor in 41.46 ms, found 0 plugins.
Preloading 0 native plugins for Editor in 0.00 ms.
Mono: successfully reloaded assembly
- Completed reload, in  1.579 seconds
Platform modules already initialized, skipping
Registering precompiled user dll's ...
Registered in 0.000835 seconds.
Begin MonoManager ReloadAssembly
Native extension for WindowsStandalone target not found
Native extension for WebGL target not found
Refreshing native plugins compatible for Editor in 41.77 ms, found 0 plugins.
Preloading 0 native plugins for Editor in 0.00 ms.
Mono: successfully reloaded assembly
- Completed reload, in  0.834 seconds
Platform modules already initialized, skipping
========================================================================
Worker process is ready to serve import requests
Shader 'Universal Render Pipeline/Particles/Lit': fallback shader 'Universal Render Pipeline/Particles/SimpleLit' not found
Launched and connected shader compiler UnityShaderCompiler.exe after 0.03 seconds
Refreshing native plugins compatible for Editor in 0.39 ms, found 0 plugins.
Preloading 0 native plugins for Editor in 0.00 ms.
Unloading 2422 Unused Serialized files (Serialized files now loaded: 0)
System memory in use before: 113.5 MB.
System memory in use after: 113.7 MB.

Unloading 10 unused Assets to reduce memory usage. Loaded Objects now: 2863.
Total: 3.015300 ms (FindLiveObjects: 0.342200 ms CreateObjectMapping: 0.124500 ms MarkObjects: 2.474700 ms  DeleteObjects: 0.072000 ms)

========================================================================
Received Import Request.
  path: Assets/Bounce.physicMaterial
  artifactKey: Guid(bc24b7fc41d5dfb4698e2ca16a37dfad) Importer(815301076,1909f56bfc062723c751e8b465ee728b)
Start importing Assets/Bounce.physicMaterial using Guid(bc24b7fc41d5dfb4698e2ca16a37dfad) Importer(815301076,1909f56bfc062723c751e8b465ee728b)  -> (artifact id: '63c70c4c27d25a6a9761f0e9c9a5e211') in 0.021048 seconds
  Import took 0.025996 seconds .

========================================================================
Received Import Request.
  Time since last request: 7.102231 seconds.
  path: Assets/Scenes/main.unity
  artifactKey: Guid(78a510c781f19db4da14f78ebb30946a) Importer(815301076,1909f56bfc062723c751e8b465ee728b)
Start importing Assets/Scenes/main.unity using Guid(78a510c781f19db4da14f78ebb30946a) Importer(815301076,1909f56bfc062723c751e8b465ee728b)  -> (artifact id: 'f384fa480a6f90328e8f7bed89fdeb9d') in 0.001389 seconds
  Import took 0.005357 seconds .

========================================================================
Received Import Request.
  Time since last request: 0.010587 seconds.
  path: Assets/Scenes/main.unity
  artifactKey: Guid(78a510c781f19db4da14f78ebb30946a) Importer(815301076,1909f56bfc062723c751e8b465ee728b)
Start importing Assets/Scenes/main.unity using Guid(78a510c781f19db4da14f78ebb30946a) Importer(815301076,1909f56bfc062723c751e8b465ee728b)  -> (artifact id: 'f384fa480a6f90328e8f7bed89fdeb9d') in 0.001551 seconds
  Import took 0.006178 seconds .

========================================================================
Received Prepare
Registering precompiled user dll's ...
Registered in 0.000908 seconds.
Begin MonoManager ReloadAssembly
Native extension for WindowsStandalone target not found
Native extension for WebGL target not found
Refreshing native plugins compatible for Editor in 0.39 ms, found 0 plugins.
Preloading 0 native plugins for Editor in 0.00 ms.
Mono: successfully reloaded assembly
- Completed reload, in  0.708 seconds
Platform modules already initialized, skipping
Shader 'Universal Render Pipeline/Particles/Lit': fallback shader 'Universal Render Pipeline/Particles/SimpleLit' not found
Refreshing native plugins compatible for Editor in 0.47 ms, found 0 plugins.
Preloading 0 native plugins for Editor in 0.00 ms.
Unloading 2313 Unused Serialized files (Serialized files now loaded: 0)
System memory in use before: 106.6 MB.
System memory in use after: 106.8 MB.

Unloading 5 unused Assets to reduce memory usage. Loaded Objects now: 2866.
Total: 2.514300 ms (FindLiveObjects: 0.270400 ms CreateObjectMapping: 0.064900 ms MarkObjects: 2.159300 ms  DeleteObjects: 0.018400 ms)

========================================================================
Received Import Request.
  Time since last request: 73.970267 seconds.
  path: Assets/Scenes
  artifactKey: Guid(b3d8a22b2eaae1048a5db3be5ce09cb2) Importer(815301076,1909f56bfc062723c751e8b465ee728b)
Start importing Assets/Scenes using Guid(b3d8a22b2eaae1048a5db3be5ce09cb2) Importer(815301076,1909f56bfc062723c751e8b465ee728b)  -> (artifact id: 'c146625f29ade7e4c3c13f1c352e4a1e') in 0.005735 seconds
  Import took 0.012021 seconds .

========================================================================
Received Import Request.
  Time since last request: 22.593954 seconds.
  path: Assets/Scenes/New Scene.unity
  artifactKey: Guid(39d84b4460d40944d9cc0600c60a6cd2) Importer(815301076,1909f56bfc062723c751e8b465ee728b)
Start importing Assets/Scenes/New Scene.unity using Guid(39d84b4460d40944d9cc0600c60a6cd2) Importer(815301076,1909f56bfc062723c751e8b465ee728b)  -> (artifact id: 'b978c88182a3a624f65a83b79cbd7fc6') in 0.011791 seconds
  Import took 0.016823 seconds .

========================================================================
Received Import Request.
  Time since last request: 2.540803 seconds.
  path: Assets/Scenes/menu.unity
  artifactKey: Guid(39d84b4460d40944d9cc0600c60a6cd2) Importer(815301076,1909f56bfc062723c751e8b465ee728b)
Start importing Assets/Scenes/menu.unity using Guid(39d84b4460d40944d9cc0600c60a6cd2) Importer(815301076,1909f56bfc062723c751e8b465ee728b)  -> (artifact id: '46e3cbea3b55e23e42400415209980fe') in 0.001505 seconds
  Import took 0.005532 seconds .

========================================================================
Received Prepare
Registering precompiled user dll's ...
Registered in 0.000846 seconds.
Begin MonoManager ReloadAssembly
Native extension for WindowsStandalone target not found
Native extension for WebGL target not found
Refreshing native plugins compatible for Editor in 0.41 ms, found 0 plugins.
Preloading 0 native plugins for Editor in 0.00 ms.
Mono: successfully reloaded assembly
- Completed reload, in  0.709 seconds
Platform modules already initialized, skipping
Shader 'Universal Render Pipeline/Particles/Lit': fallback shader 'Universal Render Pipeline/Particles/SimpleLit' not found
Refreshing native plugins compatible for Editor in 0.49 ms, found 0 plugins.
Preloading 0 native plugins for Editor in 0.00 ms.
Unloading 2313 Unused Serialized files (Serialized files now loaded: 0)
System memory in use before: 106.6 MB.
System memory in use after: 106.8 MB.

Unloading 5 unused Assets to reduce memory usage. Loaded Objects now: 2869.
Total: 2.860400 ms (FindLiveObjects: 0.313500 ms CreateObjectMapping: 0.121100 ms MarkObjects: 2.408400 ms  DeleteObjects: 0.015900 ms)

========================================================================
Received Prepare
Registering precompiled user dll's ...
Registered in 0.000846 seconds.
Begin MonoManager ReloadAssembly
Native extension for WindowsStandalone target not found
Native extension for WebGL target not found
Refreshing native plugins compatible for Editor in 0.39 ms, found 0 plugins.
Preloading 0 native plugins for Editor in 0.00 ms.
Mono: successfully reloaded assembly
- Completed reload, in  0.713 seconds
Platform modules already initialized, skipping
Shader 'Universal Render Pipeline/Particles/Lit': fallback shader 'Universal Render Pipeline/Particles/SimpleLit' not found
Refreshing native plugins compatible for Editor in 0.49 ms, found 0 plugins.
Preloading 0 native plugins for Editor in 0.00 ms.
Unloading 2313 Unused Serialized files (Serialized files now loaded: 0)
System memory in use before: 106.6 MB.
System memory in use after: 106.9 MB.

Unloading 5 unused Assets to reduce memory usage. Loaded Objects now: 2872.
Total: 2.806900 ms (FindLiveObjects: 0.486700 ms CreateObjectMapping: 0.136900 ms MarkObjects: 2.163500 ms  DeleteObjects: 0.017700 ms)

========================================================================
Received Import Request.
  Time since last request: 360.906716 seconds.
  path: Assets/Scripts
  artifactKey: Guid(02a3527b6b33a924e8ec66aa805ea717) Importer(815301076,1909f56bfc062723c751e8b465ee728b)
Start importing Assets/Scripts using Guid(02a3527b6b33a924e8ec66aa805ea717) Importer(815301076,1909f56bfc062723c751e8b465ee728b)  -> (artifact id: 'e770a7108101aab76c292659c82131fc') in 0.004892 seconds
  Import took 0.010054 seconds .

========================================================================
Received Import Request.
  Time since last request: 12.953966 seconds.
  path: Assets/Scripts/MenuButtonManager.cs
  artifactKey: Guid(d8dad17cd60fcae4b9e2cf03e045a6d7) Importer(815301076,1909f56bfc062723c751e8b465ee728b)
Start importing Assets/Scripts/MenuButtonManager.cs using Guid(d8dad17cd60fcae4b9e2cf03e045a6d7) Importer(815301076,1909f56bfc062723c751e8b465ee728b)  -> (artifact id: 'b8df26bf0e5b034cec574c3c36347026') in 0.016555 seconds
  Import took 0.020751 seconds .

========================================================================
Received Import Request.
  Time since last request: 0.001401 seconds.
  path: Assets/Scripts/MenuButtonManager.cs
  artifactKey: Guid(d8dad17cd60fcae4b9e2cf03e045a6d7) Importer(815301076,1909f56bfc062723c751e8b465ee728b)
Start importing Assets/Scripts/MenuButtonManager.cs using Guid(d8dad17cd60fcae4b9e2cf03e045a6d7) Importer(815301076,1909f56bfc062723c751e8b465ee728b)  -> (artifact id: 'b8df26bf0e5b034cec574c3c36347026') in 0.001048 seconds
  Import took 0.004939 seconds .

========================================================================
Received Prepare
Registering precompiled user dll's ...
Registered in 0.000852 seconds.
Begin MonoManager ReloadAssembly
Native extension for WindowsStandalone target not found
Native extension for WebGL target not found
Refreshing native plugins compatible for Editor in 0.58 ms, found 0 plugins.
Preloading 0 native plugins for Editor in 0.00 ms.
Mono: successfully reloaded assembly
- Completed reload, in  0.905 seconds
Platform modules already initialized, skipping
Shader 'Universal Render Pipeline/Particles/Lit': fallback shader 'Universal Render Pipeline/Particles/SimpleLit' not found
Refreshing native plugins compatible for Editor in 0.52 ms, found 0 plugins.
Preloading 0 native plugins for Editor in 0.00 ms.
Unloading 2314 Unused Serialized files (Serialized files now loaded: 0)
System memory in use before: 106.7 MB.
System memory in use after: 106.9 MB.

Unloading 5 unused Assets to reduce memory usage. Loaded Objects now: 2876.
Total: 3.595000 ms (FindLiveObjects: 0.389300 ms CreateObjectMapping: 0.078200 ms MarkObjects: 3.099600 ms  DeleteObjects: 0.025000 ms)

========================================================================
Received Import Request.
  Time since last request: 21.519008 seconds.
  path: Assets/Scripts/MenuButtonManager.cs
  artifactKey: Guid(d8dad17cd60fcae4b9e2cf03e045a6d7) Importer(815301076,1909f56bfc062723c751e8b465ee728b)
Start importing Assets/Scripts/MenuButtonManager.cs using Guid(d8dad17cd60fcae4b9e2cf03e045a6d7) Importer(815301076,1909f56bfc062723c751e8b465ee728b)  -> (artifact id: 'fb263392a6301fcbb6e8a7bb91060e34') in 0.005381 seconds
  Import took 0.009210 seconds .

========================================================================
Received Import Request.
  Time since last request: 0.075405 seconds.
  path: Assets/Scripts/MenuButtonManager.cs
  artifactKey: Guid(d8dad17cd60fcae4b9e2cf03e045a6d7) Importer(815301076,1909f56bfc062723c751e8b465ee728b)
Start importing Assets/Scripts/MenuButtonManager.cs using Guid(d8dad17cd60fcae4b9e2cf03e045a6d7) Importer(815301076,1909f56bfc062723c751e8b465ee728b)  -> (artifact id: 'fb263392a6301fcbb6e8a7bb91060e34') in 0.001177 seconds
  Import took 0.005061 seconds .

========================================================================
Received Prepare
Registering precompiled user dll's ...
Registered in 0.000933 seconds.
Begin MonoManager ReloadAssembly
Native extension for WindowsStandalone target not found
Native extension for WebGL target not found
Refreshing native plugins compatible for Editor in 0.40 ms, found 0 plugins.
Preloading 0 native plugins for Editor in 0.00 ms.
Mono: successfully reloaded assembly
- Completed reload, in  0.718 seconds
Platform modules already initialized, skipping
Shader 'Universal Render Pipeline/Particles/Lit': fallback shader 'Universal Render Pipeline/Particles/SimpleLit' not found
Refreshing native plugins compatible for Editor in 0.41 ms, found 0 plugins.
Preloading 0 native plugins for Editor in 0.00 ms.
Unloading 2314 Unused Serialized files (Serialized files now loaded: 0)
System memory in use before: 106.6 MB.
System memory in use after: 106.8 MB.

Unloading 5 unused Assets to reduce memory usage. Loaded Objects now: 2879.
Total: 2.640400 ms (FindLiveObjects: 0.438100 ms CreateObjectMapping: 0.068000 ms MarkObjects: 2.114900 ms  DeleteObjects: 0.017200 ms)

========================================================================
Received Import Request.
  Time since last request: 15.691041 seconds.
  path: Assets/Scripts/MenuButtonManager.cs
  artifactKey: Guid(d8dad17cd60fcae4b9e2cf03e045a6d7) Importer(815301076,1909f56bfc062723c751e8b465ee728b)
Start importing Assets/Scripts/MenuButtonManager.cs using Guid(d8dad17cd60fcae4b9e2cf03e045a6d7) Importer(815301076,1909f56bfc062723c751e8b465ee728b)  -> (artifact id: '52b5c409e4eb3e010ebc1eeebb4f40b2') in 0.005629 seconds
  Import took 0.009815 seconds .

========================================================================
Received Prepare
Registering precompiled user dll's ...
Registered in 0.000842 seconds.
Begin MonoManager ReloadAssembly
Native extension for WindowsStandalone target not found
Native extension for WebGL target not found
Refreshing native plugins compatible for Editor in 0.39 ms, found 0 plugins.
Preloading 0 native plugins for Editor in 0.00 ms.
Mono: successfully reloaded assembly
- Completed reload, in  0.731 seconds
Platform modules already initialized, skipping
Shader 'Universal Render Pipeline/Particles/Lit': fallback shader 'Universal Render Pipeline/Particles/SimpleLit' not found
Refreshing native plugins compatible for Editor in 0.38 ms, found 0 plugins.
Preloading 0 native plugins for Editor in 0.00 ms.
Unloading 2314 Unused Serialized files (Serialized files now loaded: 0)
System memory in use before: 106.7 MB.
System memory in use after: 106.9 MB.

Unloading 5 unused Assets to reduce memory usage. Loaded Objects now: 2882.
Total: 2.941300 ms (FindLiveObjects: 0.250600 ms CreateObjectMapping: 0.065400 ms MarkObjects: 2.609900 ms  DeleteObjects: 0.014400 ms)

========================================================================
Received Import Request.
  Time since last request: 11.643857 seconds.
  path: Assets/Scripts/MenuButtonManager.cs
  artifactKey: Guid(d8dad17cd60fcae4b9e2cf03e045a6d7) Importer(815301076,1909f56bfc062723c751e8b465ee728b)
Start importing Assets/Scripts/MenuButtonManager.cs using Guid(d8dad17cd60fcae4b9e2cf03e045a6d7) Importer(815301076,1909f56bfc062723c751e8b465ee728b)  -> (artifact id: 'ae2f96d3a308082058baabac84c2a256') in 0.004261 seconds
  Import took 0.008255 seconds .

========================================================================
Received Prepare
Registering precompiled user dll's ...
Registered in 0.000826 seconds.
Begin MonoManager ReloadAssembly
Native extension for WindowsStandalone target not found
Native extension for WebGL target not found
Refreshing native plugins compatible for Editor in 0.42 ms, found 0 plugins.
Preloading 0 native plugins for Editor in 0.00 ms.
Mono: successfully reloaded assembly
- Completed reload, in  0.718 seconds
Platform modules already initialized, skipping
Shader 'Universal Render Pipeline/Particles/Lit': fallback shader 'Universal Render Pipeline/Particles/SimpleLit' not found
Refreshing native plugins compatible for Editor in 0.41 ms, found 0 plugins.
Preloading 0 native plugins for Editor in 0.00 ms.
Unloading 2314 Unused Serialized files (Serialized files now loaded: 0)
System memory in use before: 106.7 MB.
System memory in use after: 106.9 MB.

Unloading 5 unused Assets to reduce memory usage. Loaded Objects now: 2885.
Total: 2.664400 ms (FindLiveObjects: 0.308400 ms CreateObjectMapping: 0.120400 ms MarkObjects: 2.218800 ms  DeleteObjects: 0.015400 ms)

========================================================================
Received Import Request.
  Time since last request: 20.054416 seconds.
  path: Assets/Scenes/menu.unity
  artifactKey: Guid(39d84b4460d40944d9cc0600c60a6cd2) Importer(815301076,1909f56bfc062723c751e8b465ee728b)
Start importing Assets/Scenes/menu.unity using Guid(39d84b4460d40944d9cc0600c60a6cd2) Importer(815301076,1909f56bfc062723c751e8b465ee728b)  -> (artifact id: '01a5977a00ae4fa0a268f348a42adf38') in 0.013747 seconds
  Import took 0.018458 seconds .

========================================================================
Received Prepare
Registering precompiled user dll's ...
Registered in 0.000808 seconds.
Begin MonoManager ReloadAssembly
Native extension for WindowsStandalone target not found
Native extension for WebGL target not found
Refreshing native plugins compatible for Editor in 0.39 ms, found 0 plugins.
Preloading 0 native plugins for Editor in 0.00 ms.
Mono: successfully reloaded assembly
- Completed reload, in  0.697 seconds
Platform modules already initialized, skipping
Shader 'Universal Render Pipeline/Particles/Lit': fallback shader 'Universal Render Pipeline/Particles/SimpleLit' not found
Refreshing native plugins compatible for Editor in 0.45 ms, found 0 plugins.
Preloading 0 native plugins for Editor in 0.00 ms.
Unloading 2314 Unused Serialized files (Serialized files now loaded: 0)
System memory in use before: 106.7 MB.
System memory in use after: 106.9 MB.

Unloading 5 unused Assets to reduce memory usage. Loaded Objects now: 2888.
Total: 2.758800 ms (FindLiveObjects: 0.322600 ms CreateObjectMapping: 0.117600 ms MarkObjects: 2.302700 ms  DeleteObjects: 0.014400 ms)

========================================================================
Received Import Request.
  Time since last request: 66.443019 seconds.
  path: Assets/Scripts/MainManager.cs
  artifactKey: Guid(d110623a642692246a42fbc2d8d89884) Importer(815301076,1909f56bfc062723c751e8b465ee728b)
Start importing Assets/Scripts/MainManager.cs using Guid(d110623a642692246a42fbc2d8d89884) Importer(815301076,1909f56bfc062723c751e8b465ee728b)  -> (artifact id: '545b54c42aeac86992945552f4c8be5c') in 0.004646 seconds
  Import took 0.009019 seconds .

========================================================================
Received Import Request.
  Time since last request: 0.000341 seconds.
  path: Assets/Scripts/MainManager.cs
  artifactKey: Guid(d110623a642692246a42fbc2d8d89884) Importer(815301076,1909f56bfc062723c751e8b465ee728b)
Start importing Assets/Scripts/MainManager.cs using Guid(d110623a642692246a42fbc2d8d89884) Importer(815301076,1909f56bfc062723c751e8b465ee728b)  -> (artifact id: '545b54c42aeac86992945552f4c8be5c') in 0.001225 seconds
  Import took 0.004891 seconds .

========================================================================
Received Import Request.
  Time since last request: 30.232513 seconds.
  path: Assets/Scripts/DataManager.cs
  artifactKey: Guid(bc25551c40892794da888b2e77025ffa) Importer(815301076,1909f56bfc062723c751e8b465ee728b)
Start importing Assets/Scripts/DataManager.cs using Guid(bc25551c40892794da888b2e77025ffa) Importer(815301076,1909f56bfc062723c751e8b465ee728b)  -> (artifact id: '585d313a13e535043274efcdfd346f70') in 0.001163 seconds
  Import took 0.004971 seconds .

========================================================================
Received Prepare
Registering precompiled user dll's ...
Registered in 0.000789 seconds.
Begin MonoManager ReloadAssembly
Native extension for WindowsStandalone target not found
Native extension for WebGL target not found
Refreshing native plugins compatible for Editor in 0.42 ms, found 0 plugins.
Preloading 0 native plugins for Editor in 0.00 ms.
Mono: successfully reloaded assembly
- Completed reload, in  0.724 seconds
Platform modules already initialized, skipping
Shader 'Universal Render Pipeline/Particles/Lit': fallback shader 'Universal Render Pipeline/Particles/SimpleLit' not found
Refreshing native plugins compatible for Editor in 0.58 ms, found 0 plugins.
Preloading 0 native plugins for Editor in 0.00 ms.
Unloading 2315 Unused Serialized files (Serialized files now loaded: 0)
System memory in use before: 106.8 MB.
System memory in use after: 107.0 MB.

Unloading 5 unused Assets to reduce memory usage. Loaded Objects now: 2892.
Total: 2.655300 ms (FindLiveObjects: 0.414400 ms CreateObjectMapping: 0.159500 ms MarkObjects: 2.061800 ms  DeleteObjects: 0.017800 ms)

========================================================================
Received Import Request.
  Time since last request: 79.629252 seconds.
  path: Assets/Scripts/DataManager.cs
  artifactKey: Guid(bc25551c40892794da888b2e77025ffa) Importer(815301076,1909f56bfc062723c751e8b465ee728b)
Start importing Assets/Scripts/DataManager.cs using Guid(bc25551c40892794da888b2e77025ffa) Importer(815301076,1909f56bfc062723c751e8b465ee728b)  -> (artifact id: 'bf5111a8905bdd0454193af13177654d') in 0.004752 seconds
  Import took 0.009256 seconds .

========================================================================
Received Import Request.
  Time since last request: 0.003540 seconds.
  path: Assets/Scripts/DataManager.cs
  artifactKey: Guid(bc25551c40892794da888b2e77025ffa) Importer(815301076,1909f56bfc062723c751e8b465ee728b)
Start importing Assets/Scripts/DataManager.cs using Guid(bc25551c40892794da888b2e77025ffa) Importer(815301076,1909f56bfc062723c751e8b465ee728b)  -> (artifact id: 'bf5111a8905bdd0454193af13177654d') in 0.001178 seconds
  Import took 0.006508 seconds .

========================================================================
Received Import Request.
  Time since last request: 28.132896 seconds.
  path: Assets/Scripts/DataManager.cs
  artifactKey: Guid(bc25551c40892794da888b2e77025ffa) Importer(815301076,1909f56bfc062723c751e8b465ee728b)
Start importing Assets/Scripts/DataManager.cs using Guid(bc25551c40892794da888b2e77025ffa) Importer(815301076,1909f56bfc062723c751e8b465ee728b)  -> (artifact id: '203a84c565bcaf41acbfed06004030f5') in 0.000969 seconds
  Import took 0.005548 seconds .

========================================================================
Received Import Request.
  Time since last request: 72.714308 seconds.
  path: Assets/Scripts/DataManager.cs
  artifactKey: Guid(bc25551c40892794da888b2e77025ffa) Importer(815301076,1909f56bfc062723c751e8b465ee728b)
Start importing Assets/Scripts/DataManager.cs using Guid(bc25551c40892794da888b2e77025ffa) Importer(815301076,1909f56bfc062723c751e8b465ee728b)  -> (artifact id: '3622f02e0cca8674f2cee50cd5b9fdf0') in 0.001254 seconds
  Import took 0.005450 seconds .

========================================================================
Received Import Request.
  Time since last request: 0.000421 seconds.
  path: Assets/Scripts/DataManager.cs
  artifactKey: Guid(bc25551c40892794da888b2e77025ffa) Importer(815301076,1909f56bfc062723c751e8b465ee728b)
Start importing Assets/Scripts/DataManager.cs using Guid(bc25551c40892794da888b2e77025ffa) Importer(815301076,1909f56bfc062723c751e8b465ee728b)  -> (artifact id: '3622f02e0cca8674f2cee50cd5b9fdf0') in 0.001104 seconds
  Import took 0.004620 seconds .

========================================================================
Received Import Request.
  Time since last request: 23.254530 seconds.
  path: Assets/Scripts/DataManager.cs
  artifactKey: Guid(bc25551c40892794da888b2e77025ffa) Importer(815301076,1909f56bfc062723c751e8b465ee728b)
Start importing Assets/Scripts/DataManager.cs using Guid(bc25551c40892794da888b2e77025ffa) Importer(815301076,1909f56bfc062723c751e8b465ee728b)  -> (artifact id: '358b17a6f984124463a6b7aeafe55569') in 0.001081 seconds
  Import took 0.005489 seconds .

========================================================================
Received Import Request.
  Time since last request: 29.309023 seconds.
  path: Assets/Scripts/DataManager.cs
  artifactKey: Guid(bc25551c40892794da888b2e77025ffa) Importer(815301076,1909f56bfc062723c751e8b465ee728b)
Start importing Assets/Scripts/DataManager.cs using Guid(bc25551c40892794da888b2e77025ffa) Importer(815301076,1909f56bfc062723c751e8b465ee728b)  -> (artifact id: 'd5e7d84d9484881c4c612b05c85dedce') in 0.001295 seconds
  Import took 0.005564 seconds .

========================================================================
Received Import Request.
  Time since last request: 52.701359 seconds.
  path: Assets/Scripts/DataManager.cs
  artifactKey: Guid(bc25551c40892794da888b2e77025ffa) Importer(815301076,1909f56bfc062723c751e8b465ee728b)
Start importing Assets/Scripts/DataManager.cs using Guid(bc25551c40892794da888b2e77025ffa) Importer(815301076,1909f56bfc062723c751e8b465ee728b)  -> (artifact id: '90181b05e76f9dfdc97e77cd1c166dd7') in 0.001094 seconds
  Import took 0.004913 seconds .

========================================================================
Received Import Request.
  Time since last request: 0.002418 seconds.
  path: Assets/Scripts/DataManager.cs
  artifactKey: Guid(bc25551c40892794da888b2e77025ffa) Importer(815301076,1909f56bfc062723c751e8b465ee728b)
Start importing Assets/Scripts/DataManager.cs using Guid(bc25551c40892794da888b2e77025ffa) Importer(815301076,1909f56bfc062723c751e8b465ee728b)  -> (artifact id: '90181b05e76f9dfdc97e77cd1c166dd7') in 0.001244 seconds
  Import took 0.005236 seconds .

========================================================================
Received Import Request.
  Time since last request: 14.783395 seconds.
  path: Assets/Scripts/DataManager.cs
  artifactKey: Guid(bc25551c40892794da888b2e77025ffa) Importer(815301076,1909f56bfc062723c751e8b465ee728b)
Start importing Assets/Scripts/DataManager.cs using Guid(bc25551c40892794da888b2e77025ffa) Importer(815301076,1909f56bfc062723c751e8b465ee728b)  -> (artifact id: '388859a878b74fc45ef7e9b1891e7a9f') in 0.001061 seconds
  Import took 0.005165 seconds .

========================================================================
Received Import Request.
  Time since last request: 0.000750 seconds.
  path: Assets/Scripts/DataManager.cs
  artifactKey: Guid(bc25551c40892794da888b2e77025ffa) Importer(815301076,1909f56bfc062723c751e8b465ee728b)
Start importing Assets/Scripts/DataManager.cs using Guid(bc25551c40892794da888b2e77025ffa) Importer(815301076,1909f56bfc062723c751e8b465ee728b)  -> (artifact id: '388859a878b74fc45ef7e9b1891e7a9f') in 0.001182 seconds
  Import took 0.006130 seconds .

========================================================================
Received Prepare
Registering precompiled user dll's ...
Registered in 0.000833 seconds.
Begin MonoManager ReloadAssembly
Native extension for WindowsStandalone target not found
Native extension for WebGL target not found
Refreshing native plugins compatible for Editor in 0.44 ms, found 0 plugins.
Preloading 0 native plugins for Editor in 0.00 ms.
Mono: successfully reloaded assembly
- Completed reload, in  0.705 seconds
Platform modules already initialized, skipping
Shader 'Universal Render Pipeline/Particles/Lit': fallback shader 'Universal Render Pipeline/Particles/SimpleLit' not found
Refreshing native plugins compatible for Editor in 0.48 ms, found 0 plugins.
Preloading 0 native plugins for Editor in 0.00 ms.
Unloading 2315 Unused Serialized files (Serialized files now loaded: 0)
System memory in use before: 106.7 MB.
System memory in use after: 106.9 MB.

Unloading 5 unused Assets to reduce memory usage. Loaded Objects now: 2895.
Total: 2.715000 ms (FindLiveObjects: 0.273100 ms CreateObjectMapping: 0.066000 ms MarkObjects: 2.356800 ms  DeleteObjects: 0.017500 ms)

========================================================================
Received Prepare
Registering precompiled user dll's ...
Registered in 0.000911 seconds.
Begin MonoManager ReloadAssembly
Native extension for WindowsStandalone target not found
Native extension for WebGL target not found
Refreshing native plugins compatible for Editor in 0.40 ms, found 0 plugins.
Preloading 0 native plugins for Editor in 0.00 ms.
Mono: successfully reloaded assembly
- Completed reload, in  0.720 seconds
Platform modules already initialized, skipping
Shader 'Universal Render Pipeline/Particles/Lit': fallback shader 'Universal Render Pipeline/Particles/SimpleLit' not found
Refreshing native plugins compatible for Editor in 0.39 ms, found 0 plugins.
Preloading 0 native plugins for Editor in 0.00 ms.
Unloading 2315 Unused Serialized files (Serialized files now loaded: 0)
System memory in use before: 106.8 MB.
System memory in use after: 107.0 MB.

Unloading 5 unused Assets to reduce memory usage. Loaded Objects now: 2898.
Total: 2.424300 ms (FindLiveObjects: 0.372900 ms CreateObjectMapping: 0.140200 ms MarkObjects: 1.889600 ms  DeleteObjects: 0.020100 ms)

========================================================================
Received Prepare
Registering precompiled user dll's ...
Registered in 0.000822 seconds.
Begin MonoManager ReloadAssembly
Native extension for WindowsStandalone target not found
Native extension for WebGL target not found
Refreshing native plugins compatible for Editor in 0.39 ms, found 0 plugins.
Preloading 0 native plugins for Editor in 0.00 ms.
Mono: successfully reloaded assembly
- Completed reload, in  0.714 seconds
Platform modules already initialized, skipping
Shader 'Universal Render Pipeline/Particles/Lit': fallback shader 'Universal Render Pipeline/Particles/SimpleLit' not found
Refreshing native plugins compatible for Editor in 0.52 ms, found 0 plugins.
Preloading 0 native plugins for Editor in 0.00 ms.
Unloading 2315 Unused Serialized files (Serialized files now loaded: 0)
System memory in use before: 106.8 MB.
System memory in use after: 107.0 MB.

Unloading 5 unused Assets to reduce memory usage. Loaded Objects now: 2901.
Total: 3.070800 ms (FindLiveObjects: 0.446800 ms CreateObjectMapping: 0.169000 ms MarkObjects: 2.435300 ms  DeleteObjects: 0.017900 ms)

========================================================================
Received Prepare
Registering precompiled user dll's ...
Registered in 0.000865 seconds.
Begin MonoManager ReloadAssembly
Native extension for WindowsStandalone target not found
Native extension for WebGL target not found
Refreshing native plugins compatible for Editor in 0.42 ms, found 0 plugins.
Preloading 0 native plugins for Editor in 0.00 ms.
Mono: successfully reloaded assembly
- Completed reload, in  0.722 seconds
Platform modules already initialized, skipping
Shader 'Universal Render Pipeline/Particles/Lit': fallback shader 'Universal Render Pipeline/Particles/SimpleLit' not found
Refreshing native plugins compatible for Editor in 0.40 ms, found 0 plugins.
Preloading 0 native plugins for Editor in 0.00 ms.
Unloading 2315 Unused Serialized files (Serialized files now loaded: 0)
System memory in use before: 106.8 MB.
System memory in use after: 107.0 MB.

Unloading 5 unused Assets to reduce memory usage. Loaded Objects now: 2904.
Total: 2.881700 ms (FindLiveObjects: 0.412400 ms CreateObjectMapping: 0.147600 ms MarkObjects: 2.283600 ms  DeleteObjects: 0.036300 ms)

========================================================================
Received Prepare
Registering precompiled user dll's ...
Registered in 0.000830 seconds.
Begin MonoManager ReloadAssembly
Native extension for WindowsStandalone target not found
Native extension for WebGL target not found
Refreshing native plugins compatible for Editor in 0.43 ms, found 0 plugins.
Preloading 0 native plugins for Editor in 0.00 ms.
Mono: successfully reloaded assembly
- Completed reload, in  0.712 seconds
Platform modules already initialized, skipping
Shader 'Universal Render Pipeline/Particles/Lit': fallback shader 'Universal Render Pipeline/Particles/SimpleLit' not found
Refreshing native plugins compatible for Editor in 0.39 ms, found 0 plugins.
Preloading 0 native plugins for Editor in 0.00 ms.
Unloading 2315 Unused Serialized files (Serialized files now loaded: 0)
System memory in use before: 106.8 MB.
System memory in use after: 107.0 MB.

Unloading 5 unused Assets to reduce memory usage. Loaded Objects now: 2907.
Total: 3.203300 ms (FindLiveObjects: 0.398700 ms CreateObjectMapping: 0.163200 ms MarkObjects: 2.619200 ms  DeleteObjects: 0.020700 ms)

========================================================================
Received Prepare
Registering precompiled user dll's ...
Registered in 0.001025 seconds.
Begin MonoManager ReloadAssembly
Native extension for WindowsStandalone target not found
Native extension for WebGL target not found
Refreshing native plugins compatible for Editor in 0.48 ms, found 0 plugins.
Preloading 0 native plugins for Editor in 0.00 ms.
Mono: successfully reloaded assembly
- Completed reload, in  0.799 seconds
Platform modules already initialized, skipping
Shader 'Universal Render Pipeline/Particles/Lit': fallback shader 'Universal Render Pipeline/Particles/SimpleLit' not found
Refreshing native plugins compatible for Editor in 0.64 ms, found 0 plugins.
Preloading 0 native plugins for Editor in 0.00 ms.
Unloading 2315 Unused Serialized files (Serialized files now loaded: 0)
System memory in use before: 106.7 MB.
System memory in use after: 106.9 MB.

Unloading 5 unused Assets to reduce memory usage. Loaded Objects now: 2910.
Total: 3.324100 ms (FindLiveObjects: 0.798200 ms CreateObjectMapping: 0.228900 ms MarkObjects: 2.277300 ms  DeleteObjects: 0.018300 ms)

========================================================================
Received Prepare
Registering precompiled user dll's ...
Registered in 0.001095 seconds.
Begin MonoManager ReloadAssembly
Native extension for WindowsStandalone target not found
Native extension for WebGL target not found
Refreshing native plugins compatible for Editor in 0.47 ms, found 0 plugins.
Preloading 0 native plugins for Editor in 0.00 ms.
Mono: successfully reloaded assembly
- Completed reload, in  0.753 seconds
Platform modules already initialized, skipping
Shader 'Universal Render Pipeline/Particles/Lit': fallback shader 'Universal Render Pipeline/Particles/SimpleLit' not found
Refreshing native plugins compatible for Editor in 0.41 ms, found 0 plugins.
Preloading 0 native plugins for Editor in 0.00 ms.
Unloading 2315 Unused Serialized files (Serialized files now loaded: 0)
System memory in use before: 106.8 MB.
System memory in use after: 107.0 MB.

Unloading 5 unused Assets to reduce memory usage. Loaded Objects now: 2913.
Total: 2.649700 ms (FindLiveObjects: 0.340100 ms CreateObjectMapping: 0.068800 ms MarkObjects: 2.221500 ms  DeleteObjects: 0.017800 ms)

========================================================================
Received Prepare
Registering precompiled user dll's ...
Registered in 0.000830 seconds.
Begin MonoManager ReloadAssembly
Native extension for WindowsStandalone target not found
Native extension for WebGL target not found
Refreshing native plugins compatible for Editor in 0.43 ms, found 0 plugins.
Preloading 0 native plugins for Editor in 0.00 ms.
Mono: successfully reloaded assembly
- Completed reload, in  0.711 seconds
Platform modules already initialized, skipping
Shader 'Universal Render Pipeline/Particles/Lit': fallback shader 'Universal Render Pipeline/Particles/SimpleLit' not found
Refreshing native plugins compatible for Editor in 0.42 ms, found 0 plugins.
Preloading 0 native plugins for Editor in 0.00 ms.
Unloading 2315 Unused Serialized files (Serialized files now loaded: 0)
System memory in use before: 106.8 MB.
System memory in use after: 107.0 MB.

Unloading 5 unused Assets to reduce memory usage. Loaded Objects now: 2916.
Total: 2.613500 ms (FindLiveObjects: 0.266800 ms CreateObjectMapping: 0.066000 ms MarkObjects: 2.261900 ms  DeleteObjects: 0.017000 ms)

========================================================================
Received Prepare
Registering precompiled user dll's ...
Registered in 0.000830 seconds.
Begin MonoManager ReloadAssembly
Native extension for WindowsStandalone target not found
Native extension for WebGL target not found
Refreshing native plugins compatible for Editor in 0.39 ms, found 0 plugins.
Preloading 0 native plugins for Editor in 0.00 ms.
Mono: successfully reloaded assembly
- Completed reload, in  0.703 seconds
Platform modules already initialized, skipping
Shader 'Universal Render Pipeline/Particles/Lit': fallback shader 'Universal Render Pipeline/Particles/SimpleLit' not found
Refreshing native plugins compatible for Editor in 0.40 ms, found 0 plugins.
Preloading 0 native plugins for Editor in 0.00 ms.
Unloading 2315 Unused Serialized files (Serialized files now loaded: 0)
System memory in use before: 106.8 MB.
System memory in use after: 107.0 MB.

Unloading 5 unused Assets to reduce memory usage. Loaded Objects now: 2919.
Total: 3.248600 ms (FindLiveObjects: 0.265100 ms CreateObjectMapping: 0.067900 ms MarkObjects: 2.895100 ms  DeleteObjects: 0.019500 ms)

========================================================================
Received Prepare
Registering precompiled user dll's ...
Registered in 0.000790 seconds.
Begin MonoManager ReloadAssembly
Native extension for WindowsStandalone target not found
Native extension for WebGL target not found
Refreshing native plugins compatible for Editor in 0.39 ms, found 0 plugins.
Preloading 0 native plugins for Editor in 0.00 ms.
Mono: successfully reloaded assembly
- Completed reload, in  0.704 seconds
Platform modules already initialized, skipping
Shader 'Universal Render Pipeline/Particles/Lit': fallback shader 'Universal Render Pipeline/Particles/SimpleLit' not found
Refreshing native plugins compatible for Editor in 0.39 ms, found 0 plugins.
Preloading 0 native plugins for Editor in 0.00 ms.
Unloading 2315 Unused Serialized files (Serialized files now loaded: 0)
System memory in use before: 106.8 MB.
System memory in use after: 107.0 MB.

Unloading 5 unused Assets to reduce memory usage. Loaded Objects now: 2922.
Total: 2.878400 ms (FindLiveObjects: 0.307600 ms CreateObjectMapping: 0.066000 ms MarkObjects: 2.482000 ms  DeleteObjects: 0.021200 ms)

========================================================================
Received Prepare
Registering precompiled user dll's ...
Registered in 0.000794 seconds.
Begin MonoManager ReloadAssembly
Native extension for WindowsStandalone target not found
Native extension for WebGL target not found
Refreshing native plugins compatible for Editor in 0.42 ms, found 0 plugins.
Preloading 0 native plugins for Editor in 0.00 ms.
Mono: successfully reloaded assembly
- Completed reload, in  0.698 seconds
Platform modules already initialized, skipping
Shader 'Universal Render Pipeline/Particles/Lit': fallback shader 'Universal Render Pipeline/Particles/SimpleLit' not found
Refreshing native plugins compatible for Editor in 0.48 ms, found 0 plugins.
Preloading 0 native plugins for Editor in 0.00 ms.
Unloading 2315 Unused Serialized files (Serialized files now loaded: 0)
System memory in use before: 106.7 MB.
System memory in use after: 107.0 MB.

Unloading 5 unused Assets to reduce memory usage. Loaded Objects now: 2925.
Total: 2.764600 ms (FindLiveObjects: 0.266000 ms CreateObjectMapping: 0.066700 ms MarkObjects: 2.412400 ms  DeleteObjects: 0.018300 ms)

========================================================================
Received Prepare
Registering precompiled user dll's ...
Registered in 0.000842 seconds.
Begin MonoManager ReloadAssembly
Native extension for WindowsStandalone target not found
Native extension for WebGL target not found
Refreshing native plugins compatible for Editor in 0.41 ms, found 0 plugins.
Preloading 0 native plugins for Editor in 0.00 ms.
Mono: successfully reloaded assembly
- Completed reload, in  0.712 seconds
Platform modules already initialized, skipping
Shader 'Universal Render Pipeline/Particles/Lit': fallback shader 'Universal Render Pipeline/Particles/SimpleLit' not found
Refreshing native plugins compatible for Editor in 0.47 ms, found 0 plugins.
Preloading 0 native plugins for Editor in 0.00 ms.
Unloading 2315 Unused Serialized files (Serialized files now loaded: 0)
System memory in use before: 106.8 MB.
System memory in use after: 107.1 MB.

Unloading 5 unused Assets to reduce memory usage. Loaded Objects now: 2928.
Total: 3.336400 ms (FindLiveObjects: 0.259400 ms CreateObjectMapping: 0.113700 ms MarkObjects: 2.940900 ms  DeleteObjects: 0.021200 ms)

========================================================================
Received Import Request.
  Time since last request: 383.264396 seconds.
  path: Assets/Scripts/DeathZone.cs
  artifactKey: Guid(ee19acfba77e9084fb4ce7ee7ff9e3d6) Importer(815301076,1909f56bfc062723c751e8b465ee728b)
Start importing Assets/Scripts/DeathZone.cs using Guid(ee19acfba77e9084fb4ce7ee7ff9e3d6) Importer(815301076,1909f56bfc062723c751e8b465ee728b)  -> (artifact id: '5624435658a39f72db01facda413e61f') in 0.004358 seconds
  Import took 0.008523 seconds .

========================================================================
Received Import Request.
  Time since last request: 0.000835 seconds.
  path: Assets/Scripts/DeathZone.cs
  artifactKey: Guid(ee19acfba77e9084fb4ce7ee7ff9e3d6) Importer(815301076,1909f56bfc062723c751e8b465ee728b)
Start importing Assets/Scripts/DeathZone.cs using Guid(ee19acfba77e9084fb4ce7ee7ff9e3d6) Importer(815301076,1909f56bfc062723c751e8b465ee728b)  -> (artifact id: '5624435658a39f72db01facda413e61f') in 0.001137 seconds
  Import took 0.004809 seconds .

========================================================================
Received Import Request.
  Time since last request: 0.585535 seconds.
  path: Assets/Scripts/DataManager.cs
  artifactKey: Guid(bc25551c40892794da888b2e77025ffa) Importer(815301076,1909f56bfc062723c751e8b465ee728b)
Start importing Assets/Scripts/DataManager.cs using Guid(bc25551c40892794da888b2e77025ffa) Importer(815301076,1909f56bfc062723c751e8b465ee728b)  -> (artifact id: '3560f8e318fa4553f142ab1e1a22fab3') in 0.001250 seconds
  Import took 0.005479 seconds .

========================================================================
Received Import Request.
  Time since last request: 0.020161 seconds.
  path: Assets/Scripts/DataManager.cs
  artifactKey: Guid(bc25551c40892794da888b2e77025ffa) Importer(815301076,1909f56bfc062723c751e8b465ee728b)
Start importing Assets/Scripts/DataManager.cs using Guid(bc25551c40892794da888b2e77025ffa) Importer(815301076,1909f56bfc062723c751e8b465ee728b)  -> (artifact id: '3560f8e318fa4553f142ab1e1a22fab3') in 0.001114 seconds
  Import took 0.005283 seconds .

========================================================================
Received Prepare
Registering precompiled user dll's ...
Registered in 0.000886 seconds.
Begin MonoManager ReloadAssembly
Native extension for WindowsStandalone target not found
Native extension for WebGL target not found
Refreshing native plugins compatible for Editor in 0.38 ms, found 0 plugins.
Preloading 0 native plugins for Editor in 0.00 ms.
Mono: successfully reloaded assembly
- Completed reload, in  0.720 seconds
Platform modules already initialized, skipping
Shader 'Universal Render Pipeline/Particles/Lit': fallback shader 'Universal Render Pipeline/Particles/SimpleLit' not found
Refreshing native plugins compatible for Editor in 0.46 ms, found 0 plugins.
Preloading 0 native plugins for Editor in 0.00 ms.
Unloading 2315 Unused Serialized files (Serialized files now loaded: 0)
System memory in use before: 106.8 MB.
System memory in use after: 107.1 MB.

Unloading 5 unused Assets to reduce memory usage. Loaded Objects now: 2931.
Total: 2.462100 ms (FindLiveObjects: 0.312600 ms CreateObjectMapping: 0.065600 ms MarkObjects: 2.063600 ms  DeleteObjects: 0.018700 ms)

========================================================================
Received Prepare
Registering precompiled user dll's ...
Registered in 0.000788 seconds.
Begin MonoManager ReloadAssembly
Native extension for WindowsStandalone target not found
Native extension for WebGL target not found
Refreshing native plugins compatible for Editor in 0.39 ms, found 0 plugins.
Preloading 0 native plugins for Editor in 0.00 ms.
Mono: successfully reloaded assembly
- Completed reload, in  0.700 seconds
Platform modules already initialized, skipping
Shader 'Universal Render Pipeline/Particles/Lit': fallback shader 'Universal Render Pipeline/Particles/SimpleLit' not found
Refreshing native plugins compatible for Editor in 0.39 ms, found 0 plugins.
Preloading 0 native plugins for Editor in 0.00 ms.
Unloading 2315 Unused Serialized files (Serialized files now loaded: 0)
System memory in use before: 106.8 MB.
System memory in use after: 107.1 MB.

Unloading 5 unused Assets to reduce memory usage. Loaded Objects now: 2934.
Total: 3.011400 ms (FindLiveObjects: 0.339900 ms CreateObjectMapping: 0.123000 ms MarkObjects: 2.526700 ms  DeleteObjects: 0.020300 ms)

========================================================================
Received Prepare
Registering precompiled user dll's ...
Registered in 0.000814 seconds.
Begin MonoManager ReloadAssembly
Native extension for WindowsStandalone target not found
Native extension for WebGL target not found
Refreshing native plugins compatible for Editor in 0.40 ms, found 0 plugins.
Preloading 0 native plugins for Editor in 0.00 ms.
Mono: successfully reloaded assembly
- Completed reload, in  0.703 seconds
Platform modules already initialized, skipping
Shader 'Universal Render Pipeline/Particles/Lit': fallback shader 'Universal Render Pipeline/Particles/SimpleLit' not found
Refreshing native plugins compatible for Editor in 0.39 ms, found 0 plugins.
Preloading 0 native plugins for Editor in 0.00 ms.
Unloading 2315 Unused Serialized files (Serialized files now loaded: 0)
System memory in use before: 106.9 MB.
System memory in use after: 107.1 MB.

Unloading 5 unused Assets to reduce memory usage. Loaded Objects now: 2937.
Total: 2.833400 ms (FindLiveObjects: 0.420400 ms CreateObjectMapping: 0.166200 ms MarkObjects: 2.224400 ms  DeleteObjects: 0.020700 ms)

========================================================================
Received Prepare
Registering precompiled user dll's ...
Registered in 0.000834 seconds.
Begin MonoManager ReloadAssembly
Native extension for WindowsStandalone target not found
Native extension for WebGL target not found
Refreshing native plugins compatible for Editor in 0.42 ms, found 0 plugins.
Preloading 0 native plugins for Editor in 0.00 ms.
Mono: successfully reloaded assembly
- Completed reload, in  0.706 seconds
Platform modules already initialized, skipping
Shader 'Universal Render Pipeline/Particles/Lit': fallback shader 'Universal Render Pipeline/Particles/SimpleLit' not found
Refreshing native plugins compatible for Editor in 0.42 ms, found 0 plugins.
Preloading 0 native plugins for Editor in 0.00 ms.
Unloading 2315 Unused Serialized files (Serialized files now loaded: 0)
System memory in use before: 106.8 MB.
System memory in use after: 107.0 MB.

Unloading 5 unused Assets to reduce memory usage. Loaded Objects now: 2940.
Total: 2.987900 ms (FindLiveObjects: 0.359900 ms CreateObjectMapping: 0.123400 ms MarkObjects: 2.486100 ms  DeleteObjects: 0.016500 ms)

========================================================================
Received Prepare
Registering precompiled user dll's ...
Registered in 0.000939 seconds.
Begin MonoManager ReloadAssembly
Native extension for WindowsStandalone target not found
Native extension for WebGL target not found
Refreshing native plugins compatible for Editor in 0.39 ms, found 0 plugins.
Preloading 0 native plugins for Editor in 0.00 ms.
Mono: successfully reloaded assembly
- Completed reload, in  0.711 seconds
Platform modules already initialized, skipping
Shader 'Universal Render Pipeline/Particles/Lit': fallback shader 'Universal Render Pipeline/Particles/SimpleLit' not found
Refreshing native plugins compatible for Editor in 0.39 ms, found 0 plugins.
Preloading 0 native plugins for Editor in 0.00 ms.
Unloading 2315 Unused Serialized files (Serialized files now loaded: 0)
System memory in use before: 106.9 MB.
System memory in use after: 107.1 MB.

Unloading 5 unused Assets to reduce memory usage. Loaded Objects now: 2943.
Total: 3.224200 ms (FindLiveObjects: 0.360600 ms CreateObjectMapping: 0.160900 ms MarkObjects: 2.679600 ms  DeleteObjects: 0.021800 ms)

========================================================================
Received Prepare
Registering precompiled user dll's ...
Registered in 0.000832 seconds.
Begin MonoManager ReloadAssembly
Native extension for WindowsStandalone target not found
Native extension for WebGL target not found
Refreshing native plugins compatible for Editor in 0.39 ms, found 0 plugins.
Preloading 0 native plugins for Editor in 0.00 ms.
Mono: successfully reloaded assembly
- Completed reload, in  0.703 seconds
Platform modules already initialized, skipping
Shader 'Universal Render Pipeline/Particles/Lit': fallback shader 'Universal Render Pipeline/Particles/SimpleLit' not found
Refreshing native plugins compatible for Editor in 0.39 ms, found 0 plugins.
Preloading 0 native plugins for Editor in 0.00 ms.
Unloading 2315 Unused Serialized files (Serialized files now loaded: 0)
System memory in use before: 106.9 MB.
System memory in use after: 107.1 MB.

Unloading 5 unused Assets to reduce memory usage. Loaded Objects now: 2946.
Total: 3.300700 ms (FindLiveObjects: 0.428100 ms CreateObjectMapping: 0.159600 ms MarkObjects: 2.694400 ms  DeleteObjects: 0.017100 ms)

========================================================================
Received Prepare
Registering precompiled user dll's ...
Registered in 0.000853 seconds.
Begin MonoManager ReloadAssembly
Native extension for WindowsStandalone target not found
Native extension for WebGL target not found
Refreshing native plugins compatible for Editor in 0.45 ms, found 0 plugins.
Preloading 0 native plugins for Editor in 0.00 ms.
Mono: successfully reloaded assembly
- Completed reload, in  0.711 seconds
Platform modules already initialized, skipping
Shader 'Universal Render Pipeline/Particles/Lit': fallback shader 'Universal Render Pipeline/Particles/SimpleLit' not found
Refreshing native plugins compatible for Editor in 0.38 ms, found 0 plugins.
Preloading 0 native plugins for Editor in 0.00 ms.
Unloading 2315 Unused Serialized files (Serialized files now loaded: 0)
System memory in use before: 106.9 MB.
System memory in use after: 107.1 MB.

Unloading 5 unused Assets to reduce memory usage. Loaded Objects now: 2949.
Total: 2.547300 ms (FindLiveObjects: 0.405300 ms CreateObjectMapping: 0.066700 ms MarkObjects: 2.055700 ms  DeleteObjects: 0.017900 ms)

========================================================================
Received Prepare
Registering precompiled user dll's ...
Registered in 0.000852 seconds.
Begin MonoManager ReloadAssembly
Native extension for WindowsStandalone target not found
Native extension for WebGL target not found
Refreshing native plugins compatible for Editor in 0.58 ms, found 0 plugins.
Preloading 0 native plugins for Editor in 0.00 ms.
Mono: successfully reloaded assembly
- Completed reload, in  0.780 seconds
Platform modules already initialized, skipping
Shader 'Universal Render Pipeline/Particles/Lit': fallback shader 'Universal Render Pipeline/Particles/SimpleLit' not found
Refreshing native plugins compatible for Editor in 0.43 ms, found 0 plugins.
Preloading 0 native plugins for Editor in 0.00 ms.
Unloading 2315 Unused Serialized files (Serialized files now loaded: 0)
System memory in use before: 106.9 MB.
System memory in use after: 107.1 MB.

Unloading 5 unused Assets to reduce memory usage. Loaded Objects now: 2952.
Total: 2.660300 ms (FindLiveObjects: 0.312700 ms CreateObjectMapping: 0.073400 ms MarkObjects: 2.255200 ms  DeleteObjects: 0.017600 ms)

========================================================================
Received Prepare
Registering precompiled user dll's ...
Registered in 0.000847 seconds.
Begin MonoManager ReloadAssembly
Native extension for WindowsStandalone target not found
Native extension for WebGL target not found
Refreshing native plugins compatible for Editor in 0.40 ms, found 0 plugins.
Preloading 0 native plugins for Editor in 0.00 ms.
Mono: successfully reloaded assembly
- Completed reload, in  0.717 seconds
Platform modules already initialized, skipping
Shader 'Universal Render Pipeline/Particles/Lit': fallback shader 'Universal Render Pipeline/Particles/SimpleLit' not found
Refreshing native plugins compatible for Editor in 0.40 ms, found 0 plugins.
Preloading 0 native plugins for Editor in 0.00 ms.
Unloading 2315 Unused Serialized files (Serialized files now loaded: 0)
System memory in use before: 106.8 MB.
System memory in use after: 107.0 MB.

Unloading 5 unused Assets to reduce memory usage. Loaded Objects now: 2955.
Total: 2.759300 ms (FindLiveObjects: 0.338800 ms CreateObjectMapping: 0.123600 ms MarkObjects: 2.276200 ms  DeleteObjects: 0.019000 ms)

========================================================================
Received Import Request.
  Time since last request: 1792.211385 seconds.
  path: Assets/Scenes/menu.unity
  artifactKey: Guid(39d84b4460d40944d9cc0600c60a6cd2) Importer(815301076,1909f56bfc062723c751e8b465ee728b)
Start importing Assets/Scenes/menu.unity using Guid(39d84b4460d40944d9cc0600c60a6cd2) Importer(815301076,1909f56bfc062723c751e8b465ee728b)  -> (artifact id: '8bec1d323a1b11bb3ba08e2030748ca4') in 0.010230 seconds
  Import took 0.014627 seconds .

========================================================================
Received Prepare
Registering precompiled user dll's ...
Registered in 0.000830 seconds.
Begin MonoManager ReloadAssembly
Native extension for WindowsStandalone target not found
Native extension for WebGL target not found
Refreshing native plugins compatible for Editor in 0.43 ms, found 0 plugins.
Preloading 0 native plugins for Editor in 0.00 ms.
Mono: successfully reloaded assembly
- Completed reload, in  0.709 seconds
Platform modules already initialized, skipping
Shader 'Universal Render Pipeline/Particles/Lit': fallback shader 'Universal Render Pipeline/Particles/SimpleLit' not found
Refreshing native plugins compatible for Editor in 0.41 ms, found 0 plugins.
Preloading 0 native plugins for Editor in 0.00 ms.
Unloading 2315 Unused Serialized files (Serialized files now loaded: 0)
System memory in use before: 106.9 MB.
System memory in use after: 107.1 MB.

Unloading 5 unused Assets to reduce memory usage. Loaded Objects now: 2958.
Total: 2.854700 ms (FindLiveObjects: 0.352500 ms CreateObjectMapping: 0.119800 ms MarkObjects: 2.365500 ms  DeleteObjects: 0.015700 ms)

========================================================================
Received Prepare
Registering precompiled user dll's ...
Registered in 0.000801 seconds.
Begin MonoManager ReloadAssembly
Native extension for WindowsStandalone target not found
Native extension for WebGL target not found
Refreshing native plugins compatible for Editor in 0.39 ms, found 0 plugins.
Preloading 0 native plugins for Editor in 0.00 ms.
Mono: successfully reloaded assembly
- Completed reload, in  0.702 seconds
Platform modules already initialized, skipping
Shader 'Universal Render Pipeline/Particles/Lit': fallback shader 'Universal Render Pipeline/Particles/SimpleLit' not found
Refreshing native plugins compatible for Editor in 0.38 ms, found 0 plugins.
Preloading 0 native plugins for Editor in 0.00 ms.
Unloading 2315 Unused Serialized files (Serialized files now loaded: 0)
System memory in use before: 106.9 MB.
System memory in use after: 107.1 MB.

Unloading 5 unused Assets to reduce memory usage. Loaded Objects now: 2961.
Total: 2.874200 ms (FindLiveObjects: 0.377300 ms CreateObjectMapping: 0.125100 ms MarkObjects: 2.353700 ms  DeleteObjects: 0.016900 ms)

========================================================================
Received Import Request.
  Time since last request: 36.878394 seconds.
  path: Assets/Settings/ForwardRenderer.asset
  artifactKey: Guid(4a8e21d5c33334b11b34a596161b9360) Importer(815301076,1909f56bfc062723c751e8b465ee728b)
Start importing Assets/Settings/ForwardRenderer.asset using Guid(4a8e21d5c33334b11b34a596161b9360) Importer(815301076,1909f56bfc062723c751e8b465ee728b)  -> (artifact id: 'e04824bd95220872e4f7c6a576e70e87') in 0.011866 seconds
  Import took 0.016670 seconds .

========================================================================
Received Import Request.
  Time since last request: 0.000258 seconds.
  path: Assets/Settings/UniversalRP-LowQuality.asset
  artifactKey: Guid(a31e9f9f9c9d4b9429ed0d1234e22103) Importer(815301076,1909f56bfc062723c751e8b465ee728b)
Start importing Assets/Settings/UniversalRP-LowQuality.asset using Guid(a31e9f9f9c9d4b9429ed0d1234e22103) Importer(815301076,1909f56bfc062723c751e8b465ee728b)  -> (artifact id: '0225bf40a9569805e926feafd97f74b6') in 0.002182 seconds
  Import took 0.006317 seconds .

========================================================================
Received Import Request.
  Time since last request: 4.544406 seconds.
  path: Assets/Scripts/MainManager.cs
  artifactKey: Guid(d110623a642692246a42fbc2d8d89884) Importer(815301076,1909f56bfc062723c751e8b465ee728b)
Start importing Assets/Scripts/MainManager.cs using Guid(d110623a642692246a42fbc2d8d89884) Importer(815301076,1909f56bfc062723c751e8b465ee728b)  -> (artifact id: 'ebb04bd8b8e42e2b1686de7434c71376') in 0.001102 seconds
  Import took 0.005556 seconds .

========================================================================
Received Import Request.
  Time since last request: 0.002328 seconds.
  path: Assets/Scripts/MainManager.cs
  artifactKey: Guid(d110623a642692246a42fbc2d8d89884) Importer(815301076,1909f56bfc062723c751e8b465ee728b)
Start importing Assets/Scripts/MainManager.cs using Guid(d110623a642692246a42fbc2d8d89884) Importer(815301076,1909f56bfc062723c751e8b465ee728b)  -> (artifact id: 'ebb04bd8b8e42e2b1686de7434c71376') in 0.001105 seconds
  Import took 0.005907 seconds .

========================================================================
Received Import Request.
  Time since last request: 1.306302 seconds.
  path: Assets/Scripts/MenuButtonManager.cs
  artifactKey: Guid(d8dad17cd60fcae4b9e2cf03e045a6d7) Importer(815301076,1909f56bfc062723c751e8b465ee728b)
Start importing Assets/Scripts/MenuButtonManager.cs using Guid(d8dad17cd60fcae4b9e2cf03e045a6d7) Importer(815301076,1909f56bfc062723c751e8b465ee728b)  -> (artifact id: '3bebaad6fe19ffb20c86954393460c36') in 0.001077 seconds
  Import took 0.005272 seconds .

========================================================================
Received Import Request.
  Time since last request: 27.708251 seconds.
  path: Assets/Scripts/MenuButtonManager.cs
  artifactKey: Guid(d8dad17cd60fcae4b9e2cf03e045a6d7) Importer(815301076,1909f56bfc062723c751e8b465ee728b)
Start importing Assets/Scripts/MenuButtonManager.cs using Guid(d8dad17cd60fcae4b9e2cf03e045a6d7) Importer(815301076,1909f56bfc062723c751e8b465ee728b)  -> (artifact id: 'bd36d28562f0c39734fcba917610c9fb') in 0.001095 seconds
  Import took 0.004962 seconds .

========================================================================
Received Import Request.
  Time since last request: 0.004843 seconds.
  path: Assets/Scripts/MenuButtonManager.cs
  artifactKey: Guid(d8dad17cd60fcae4b9e2cf03e045a6d7) Importer(815301076,1909f56bfc062723c751e8b465ee728b)
Start importing Assets/Scripts/MenuButtonManager.cs using Guid(d8dad17cd60fcae4b9e2cf03e045a6d7) Importer(815301076,1909f56bfc062723c751e8b465ee728b)  -> (artifact id: 'bd36d28562f0c39734fcba917610c9fb') in 0.001154 seconds
  Import took 0.004964 seconds .

========================================================================
Received Import Request.
  Time since last request: 2.416519 seconds.
  path: Assets/Scripts/MenuButtonManager.cs
  artifactKey: Guid(d8dad17cd60fcae4b9e2cf03e045a6d7) Importer(815301076,1909f56bfc062723c751e8b465ee728b)
Start importing Assets/Scripts/MenuButtonManager.cs using Guid(d8dad17cd60fcae4b9e2cf03e045a6d7) Importer(815301076,1909f56bfc062723c751e8b465ee728b)  -> (artifact id: '7f4040433e127ab19afd9b608614b074') in 0.001316 seconds
  Import took 0.005242 seconds .

========================================================================
Received Import Request.
  Time since last request: 35.608508 seconds.
  path: Assets/Scripts/MenuButtonManager.cs
  artifactKey: Guid(d8dad17cd60fcae4b9e2cf03e045a6d7) Importer(815301076,1909f56bfc062723c751e8b465ee728b)
Start importing Assets/Scripts/MenuButtonManager.cs using Guid(d8dad17cd60fcae4b9e2cf03e045a6d7) Importer(815301076,1909f56bfc062723c751e8b465ee728b)  -> (artifact id: '2f96f4555bebc12e4618560d1ce36ae2') in 0.001770 seconds
  Import took 0.005676 seconds .

========================================================================
Received Import Request.
  Time since last request: 0.000303 seconds.
  path: Assets/Scripts/MenuButtonManager.cs
  artifactKey: Guid(d8dad17cd60fcae4b9e2cf03e045a6d7) Importer(815301076,1909f56bfc062723c751e8b465ee728b)
Start importing Assets/Scripts/MenuButtonManager.cs using Guid(d8dad17cd60fcae4b9e2cf03e045a6d7) Importer(815301076,1909f56bfc062723c751e8b465ee728b)  -> (artifact id: '2f96f4555bebc12e4618560d1ce36ae2') in 0.001321 seconds
  Import took 0.005739 seconds .

========================================================================
Received Import Request.
  Time since last request: 2.605923 seconds.
  path: Assets/Scripts/MenuButtonManager.cs
  artifactKey: Guid(d8dad17cd60fcae4b9e2cf03e045a6d7) Importer(815301076,1909f56bfc062723c751e8b465ee728b)
Start importing Assets/Scripts/MenuButtonManager.cs using Guid(d8dad17cd60fcae4b9e2cf03e045a6d7) Importer(815301076,1909f56bfc062723c751e8b465ee728b)  -> (artifact id: '93217340c476c5a9c37099964cba4049') in 0.001164 seconds
  Import took 0.005490 seconds .

========================================================================
Received Prepare
Registering precompiled user dll's ...
Registered in 0.000822 seconds.
Begin MonoManager ReloadAssembly
Native extension for WindowsStandalone target not found
Native extension for WebGL target not found
Refreshing native plugins compatible for Editor in 0.38 ms, found 0 plugins.
Preloading 0 native plugins for Editor in 0.00 ms.
Mono: successfully reloaded assembly
- Completed reload, in  0.704 seconds
Platform modules already initialized, skipping
Shader 'Universal Render Pipeline/Particles/Lit': fallback shader 'Universal Render Pipeline/Particles/SimpleLit' not found
Refreshing native plugins compatible for Editor in 0.42 ms, found 0 plugins.
Preloading 0 native plugins for Editor in 0.00 ms.
Unloading 2317 Unused Serialized files (Serialized files now loaded: 0)
System memory in use before: 107.0 MB.
System memory in use after: 107.2 MB.

Unloading 5 unused Assets to reduce memory usage. Loaded Objects now: 2966.
Total: 2.878700 ms (FindLiveObjects: 0.310100 ms CreateObjectMapping: 0.081500 ms MarkObjects: 2.466400 ms  DeleteObjects: 0.019500 ms)

========================================================================
Received Import Request.
  Time since last request: 25.515923 seconds.
  path: Assets/Scripts/MenuButtonManager.cs
  artifactKey: Guid(d8dad17cd60fcae4b9e2cf03e045a6d7) Importer(815301076,1909f56bfc062723c751e8b465ee728b)
Start importing Assets/Scripts/MenuButtonManager.cs using Guid(d8dad17cd60fcae4b9e2cf03e045a6d7) Importer(815301076,1909f56bfc062723c751e8b465ee728b)  -> (artifact id: 'ab13fabe0c6c05afa5bbfc6b000647bc') in 0.004547 seconds
  Import took 0.008867 seconds .

========================================================================
Received Import Request.
  Time since last request: 0.068608 seconds.
  path: Assets/Scripts/MenuButtonManager.cs
  artifactKey: Guid(d8dad17cd60fcae4b9e2cf03e045a6d7) Importer(815301076,1909f56bfc062723c751e8b465ee728b)
Start importing Assets/Scripts/MenuButtonManager.cs using Guid(d8dad17cd60fcae4b9e2cf03e045a6d7) Importer(815301076,1909f56bfc062723c751e8b465ee728b)  -> (artifact id: 'ab13fabe0c6c05afa5bbfc6b000647bc') in 0.001270 seconds
  Import took 0.005232 seconds .

========================================================================
Received Prepare
Registering precompiled user dll's ...
Registered in 0.000831 seconds.
Begin MonoManager ReloadAssembly
Native extension for WindowsStandalone target not found
Native extension for WebGL target not found
Refreshing native plugins compatible for Editor in 0.43 ms, found 0 plugins.
Preloading 0 native plugins for Editor in 0.00 ms.
Mono: successfully reloaded assembly
- Completed reload, in  0.745 seconds
Platform modules already initialized, skipping
Shader 'Universal Render Pipeline/Particles/Lit': fallback shader 'Universal Render Pipeline/Particles/SimpleLit' not found
Refreshing native plugins compatible for Editor in 0.39 ms, found 0 plugins.
Preloading 0 native plugins for Editor in 0.00 ms.
Unloading 2315 Unused Serialized files (Serialized files now loaded: 0)
System memory in use before: 106.9 MB.
System memory in use after: 107.1 MB.

Unloading 5 unused Assets to reduce memory usage. Loaded Objects now: 2969.
Total: 2.641400 ms (FindLiveObjects: 0.325100 ms CreateObjectMapping: 0.079600 ms MarkObjects: 2.216500 ms  DeleteObjects: 0.019100 ms)

========================================================================
Received Import Request.
  Time since last request: 3.121010 seconds.
  path: Assets/Scripts/MenuButtonManager.cs
  artifactKey: Guid(d8dad17cd60fcae4b9e2cf03e045a6d7) Importer(815301076,1909f56bfc062723c751e8b465ee728b)
Start importing Assets/Scripts/MenuButtonManager.cs using Guid(d8dad17cd60fcae4b9e2cf03e045a6d7) Importer(815301076,1909f56bfc062723c751e8b465ee728b)  -> (artifact id: '8cfe68062a08d7369fbacbca33e9ef04') in 0.004757 seconds
  Import took 0.008751 seconds .

========================================================================
Received Prepare
Registering precompiled user dll's ...
Registered in 0.000839 seconds.
Begin MonoManager ReloadAssembly
Native extension for WindowsStandalone target not found
Native extension for WebGL target not found
Refreshing native plugins compatible for Editor in 0.47 ms, found 0 plugins.
Preloading 0 native plugins for Editor in 0.00 ms.
Mono: successfully reloaded assembly
- Completed reload, in  0.746 seconds
Platform modules already initialized, skipping
Shader 'Universal Render Pipeline/Particles/Lit': fallback shader 'Universal Render Pipeline/Particles/SimpleLit' not found
Refreshing native plugins compatible for Editor in 0.40 ms, found 0 plugins.
Preloading 0 native plugins for Editor in 0.00 ms.
Unloading 2315 Unused Serialized files (Serialized files now loaded: 0)
System memory in use before: 106.8 MB.
System memory in use after: 107.1 MB.

Unloading 5 unused Assets to reduce memory usage. Loaded Objects now: 2972.
Total: 2.366600 ms (FindLiveObjects: 0.381300 ms CreateObjectMapping: 0.123800 ms MarkObjects: 1.841500 ms  DeleteObjects: 0.018600 ms)

========================================================================
Received Import Request.
  Time since last request: 2.559413 seconds.
  path: Assets/Scripts/MenuButtonManager.cs
  artifactKey: Guid(d8dad17cd60fcae4b9e2cf03e045a6d7) Importer(815301076,1909f56bfc062723c751e8b465ee728b)
Start importing Assets/Scripts/MenuButtonManager.cs using Guid(d8dad17cd60fcae4b9e2cf03e045a6d7) Importer(815301076,1909f56bfc062723c751e8b465ee728b)  -> (artifact id: 'f736a415d9bd4dac2ef59cf356da14c5') in 0.004387 seconds
  Import took 0.008488 seconds .

========================================================================
Received Prepare
Registering precompiled user dll's ...
Registered in 0.000802 seconds.
Begin MonoManager ReloadAssembly
Native extension for WindowsStandalone target not found
Native extension for WebGL target not found
Refreshing native plugins compatible for Editor in 0.40 ms, found 0 plugins.
Preloading 0 native plugins for Editor in 0.00 ms.
Mono: successfully reloaded assembly
- Completed reload, in  0.709 seconds
Platform modules already initialized, skipping
Shader 'Universal Render Pipeline/Particles/Lit': fallback shader 'Universal Render Pipeline/Particles/SimpleLit' not found
Refreshing native plugins compatible for Editor in 0.38 ms, found 0 plugins.
Preloading 0 native plugins for Editor in 0.00 ms.
Unloading 2315 Unused Serialized files (Serialized files now loaded: 0)
System memory in use before: 106.9 MB.
System memory in use after: 107.2 MB.

Unloading 5 unused Assets to reduce memory usage. Loaded Objects now: 2975.
Total: 3.237400 ms (FindLiveObjects: 0.429600 ms CreateObjectMapping: 0.165400 ms MarkObjects: 2.620900 ms  DeleteObjects: 0.020100 ms)

========================================================================
Received Import Request.
  Time since last request: 14.620663 seconds.
  path: Assets/Scripts/MenuButtonManager.cs
  artifactKey: Guid(d8dad17cd60fcae4b9e2cf03e045a6d7) Importer(815301076,1909f56bfc062723c751e8b465ee728b)
Start importing Assets/Scripts/MenuButtonManager.cs using Guid(d8dad17cd60fcae4b9e2cf03e045a6d7) Importer(815301076,1909f56bfc062723c751e8b465ee728b)  -> (artifact id: '86b02321660c9e1bea03c531b8136910') in 0.004361 seconds
  Import took 0.008797 seconds .

========================================================================
Received Import Request.
  Time since last request: 0.067353 seconds.
  path: Assets/Scripts/MenuButtonManager.cs
  artifactKey: Guid(d8dad17cd60fcae4b9e2cf03e045a6d7) Importer(815301076,1909f56bfc062723c751e8b465ee728b)
Start importing Assets/Scripts/MenuButtonManager.cs using Guid(d8dad17cd60fcae4b9e2cf03e045a6d7) Importer(815301076,1909f56bfc062723c751e8b465ee728b)  -> (artifact id: '86b02321660c9e1bea03c531b8136910') in 0.001093 seconds
  Import took 0.004907 seconds .

========================================================================
Received Prepare
Registering precompiled user dll's ...
Registered in 0.000855 seconds.
Begin MonoManager ReloadAssembly
Native extension for WindowsStandalone target not found
Native extension for WebGL target not found
Refreshing native plugins compatible for Editor in 0.39 ms, found 0 plugins.
Preloading 0 native plugins for Editor in 0.00 ms.
Mono: successfully reloaded assembly
- Completed reload, in  0.706 seconds
Platform modules already initialized, skipping
Shader 'Universal Render Pipeline/Particles/Lit': fallback shader 'Universal Render Pipeline/Particles/SimpleLit' not found
Refreshing native plugins compatible for Editor in 0.53 ms, found 0 plugins.
Preloading 0 native plugins for Editor in 0.00 ms.
Unloading 2315 Unused Serialized files (Serialized files now loaded: 0)
System memory in use before: 106.9 MB.
System memory in use after: 107.2 MB.

Unloading 5 unused Assets to reduce memory usage. Loaded Objects now: 2978.
Total: 2.297200 ms (FindLiveObjects: 0.258200 ms CreateObjectMapping: 0.067000 ms MarkObjects: 1.957500 ms  DeleteObjects: 0.013400 ms)

========================================================================
Received Prepare
Registering precompiled user dll's ...
Registered in 0.000857 seconds.
Begin MonoManager ReloadAssembly
Native extension for WindowsStandalone target not found
Native extension for WebGL target not found
Refreshing native plugins compatible for Editor in 0.43 ms, found 0 plugins.
Preloading 0 native plugins for Editor in 0.00 ms.
Mono: successfully reloaded assembly
- Completed reload, in  0.737 seconds
Platform modules already initialized, skipping
Shader 'Universal Render Pipeline/Particles/Lit': fallback shader 'Universal Render Pipeline/Particles/SimpleLit' not found
Refreshing native plugins compatible for Editor in 0.40 ms, found 0 plugins.
Preloading 0 native plugins for Editor in 0.00 ms.
Unloading 2315 Unused Serialized files (Serialized files now loaded: 0)
System memory in use before: 106.9 MB.
System memory in use after: 107.2 MB.

Unloading 5 unused Assets to reduce memory usage. Loaded Objects now: 2981.
Total: 2.601700 ms (FindLiveObjects: 0.449300 ms CreateObjectMapping: 0.143900 ms MarkObjects: 1.991400 ms  DeleteObjects: 0.015800 ms)

========================================================================
Received Prepare
Registering precompiled user dll's ...
Registered in 0.000784 seconds.
Begin MonoManager ReloadAssembly
Native extension for WindowsStandalone target not found
Native extension for WebGL target not found
Refreshing native plugins compatible for Editor in 0.44 ms, found 0 plugins.
Preloading 0 native plugins for Editor in 0.00 ms.
Mono: successfully reloaded assembly
- Completed reload, in  0.693 seconds
Platform modules already initialized, skipping
Shader 'Universal Render Pipeline/Particles/Lit': fallback shader 'Universal Render Pipeline/Particles/SimpleLit' not found
Refreshing native plugins compatible for Editor in 0.45 ms, found 0 plugins.
Preloading 0 native plugins for Editor in 0.00 ms.
Unloading 2315 Unused Serialized files (Serialized files now loaded: 0)
System memory in use before: 107.0 MB.
System memory in use after: 107.2 MB.

Unloading 5 unused Assets to reduce memory usage. Loaded Objects now: 2984.
Total: 2.826400 ms (FindLiveObjects: 0.330900 ms CreateObjectMapping: 0.120000 ms MarkObjects: 2.354800 ms  DeleteObjects: 0.019300 ms)

========================================================================
Received Prepare
Registering precompiled user dll's ...
Registered in 0.001079 seconds.
Begin MonoManager ReloadAssembly
Native extension for WindowsStandalone target not found
Native extension for WebGL target not found
Refreshing native plugins compatible for Editor in 0.41 ms, found 0 plugins.
Preloading 0 native plugins for Editor in 0.00 ms.
Mono: successfully reloaded assembly
- Completed reload, in  0.804 seconds
Platform modules already initialized, skipping
Shader 'Universal Render Pipeline/Particles/Lit': fallback shader 'Universal Render Pipeline/Particles/SimpleLit' not found
Refreshing native plugins compatible for Editor in 0.45 ms, found 0 plugins.
Preloading 0 native plugins for Editor in 0.00 ms.
Unloading 2315 Unused Serialized files (Serialized files now loaded: 0)
System memory in use before: 106.9 MB.
System memory in use after: 107.1 MB.

Unloading 5 unused Assets to reduce memory usage. Loaded Objects now: 2987.
Total: 2.519100 ms (FindLiveObjects: 0.437100 ms CreateObjectMapping: 0.160300 ms MarkObjects: 1.904300 ms  DeleteObjects: 0.016200 ms)

========================================================================
Received Prepare
Registering precompiled user dll's ...
Registered in 0.000840 seconds.
Begin MonoManager ReloadAssembly
Native extension for WindowsStandalone target not found
Native extension for WebGL target not found
Refreshing native plugins compatible for Editor in 0.52 ms, found 0 plugins.
Preloading 0 native plugins for Editor in 0.00 ms.
Mono: successfully reloaded assembly
- Completed reload, in  0.777 seconds
Platform modules already initialized, skipping
Shader 'Universal Render Pipeline/Particles/Lit': fallback shader 'Universal Render Pipeline/Particles/SimpleLit' not found
Refreshing native plugins compatible for Editor in 0.91 ms, found 0 plugins.
Preloading 0 native plugins for Editor in 0.00 ms.
Unloading 2315 Unused Serialized files (Serialized files now loaded: 0)
System memory in use before: 107.0 MB.
System memory in use after: 107.2 MB.

Unloading 5 unused Assets to reduce memory usage. Loaded Objects now: 2990.
Total: 3.751000 ms (FindLiveObjects: 0.357700 ms CreateObjectMapping: 0.110600 ms MarkObjects: 3.243700 ms  DeleteObjects: 0.037300 ms)

AssetImportWorkerClient::OnTransportError - code=2 error=End of file
